04/04/2022, 13:20:33 - INFO - Server is running on port: 3030
04/04/2022, 13:20:41 - INFO - filterBy | {}
04/04/2022, 13:20:43 - INFO - Backend updateBoard
04/04/2022, 13:20:44 - INFO - Backend updateBoard
04/04/2022, 13:20:54 - INFO - Backend updateBoard
04/04/2022, 13:21:00 - INFO - Backend updateBoard
04/04/2022, 13:21:05 - INFO - Backend updateBoard
04/04/2022, 13:21:07 - INFO - Backend updateBoard
04/04/2022, 16:09:56 - INFO - Server is running on port: 3030
04/04/2022, 16:10:01 - INFO - filterBy | {}
04/04/2022, 16:10:12 - INFO - Backend updateBoard
04/04/2022, 16:10:14 - INFO - Backend updateBoard
04/04/2022, 16:10:32 - INFO - Backend updateBoard
04/04/2022, 16:10:34 - INFO - Backend updateBoard
04/04/2022, 17:50:25 - INFO - filterBy | {}
04/04/2022, 17:50:26 - INFO - Backend updateBoard
04/04/2022, 17:50:26 - INFO - Backend updateBoard
04/04/2022, 17:53:04 - INFO - Backend updateBoard
04/04/2022, 17:53:05 - INFO - Backend updateBoard
04/04/2022, 17:53:15 - INFO - Backend updateBoard
04/04/2022, 17:53:16 - INFO - Backend updateBoard
04/04/2022, 19:34:41 - INFO - filterBy | {}
04/04/2022, 19:34:47 - INFO - Backend updateBoard
04/04/2022, 19:34:49 - INFO - Backend updateBoard
04/04/2022, 20:12:00 - INFO - filterBy | {}
04/04/2022, 20:12:11 - INFO - Backend updateBoard
04/04/2022, 20:12:11 - INFO - Backend updateBoard
04/04/2022, 21:16:14 - INFO - filterBy | {}
04/04/2022, 21:16:14 - INFO - Backend updateBoard
04/04/2022, 21:16:14 - INFO - Backend updateBoard
04/04/2022, 21:16:21 - INFO - Backend updateBoard
04/04/2022, 21:16:22 - INFO - Backend updateBoard
04/04/2022, 21:17:37 - INFO - Backend updateBoard
04/04/2022, 21:17:37 - INFO - Backend updateBoard
04/04/2022, 21:17:46 - INFO - Backend updateBoard
04/04/2022, 21:17:47 - INFO - Backend updateBoard
04/04/2022, 21:17:48 - INFO - Backend updateBoard
04/04/2022, 21:17:48 - INFO - Backend updateBoard
04/04/2022, 21:18:55 - INFO - filterBy | {}
04/04/2022, 21:18:56 - INFO - Backend updateBoard
04/04/2022, 21:18:56 - INFO - Backend updateBoard
04/04/2022, 21:19:12 - INFO - Backend updateBoard
04/04/2022, 21:19:13 - INFO - Backend updateBoard
04/04/2022, 21:19:14 - INFO - Backend updateBoard
04/04/2022, 21:19:15 - INFO - Backend updateBoard
04/04/2022, 21:19:38 - INFO - Backend updateBoard
04/04/2022, 21:19:38 - INFO - Backend updateBoard
04/04/2022, 21:19:42 - INFO - Backend updateBoard
04/04/2022, 21:23:56 - INFO - filterBy | {}
04/04/2022, 21:23:56 - INFO - Backend updateBoard
04/04/2022, 21:23:56 - INFO - Backend updateBoard
04/04/2022, 21:25:29 - INFO - Backend updateBoard
04/04/2022, 21:25:57 - INFO - Backend updateBoard
04/04/2022, 21:25:58 - INFO - Backend updateBoard
04/04/2022, 21:30:55 - INFO - filterBy | {}
04/04/2022, 21:30:55 - INFO - Backend updateBoard
04/04/2022, 21:30:55 - INFO - Backend updateBoard
04/04/2022, 21:34:45 - INFO - filterBy | {}
04/04/2022, 21:34:45 - INFO - Backend updateBoard
04/04/2022, 21:34:45 - INFO - Backend updateBoard
04/04/2022, 21:34:52 - INFO - Backend updateBoard
04/04/2022, 21:34:54 - INFO - Backend updateBoard
04/04/2022, 21:34:57 - INFO - Backend updateBoard
04/04/2022, 21:36:06 - INFO - Backend updateBoard
04/04/2022, 21:36:18 - INFO - Backend updateBoard
04/04/2022, 21:36:20 - INFO - Backend updateBoard
04/04/2022, 21:36:50 - INFO - filterBy | {}
04/04/2022, 21:36:51 - INFO - Backend updateBoard
04/04/2022, 21:36:51 - INFO - Backend updateBoard
04/04/2022, 21:38:53 - INFO - Backend updateBoard
04/04/2022, 21:38:55 - INFO - Backend updateBoard
04/04/2022, 21:38:59 - INFO - Backend updateBoard
04/04/2022, 22:33:51 - INFO - Backend updateBoard
04/04/2022, 22:33:51 - INFO - Backend updateBoard
05/04/2022, 11:34:54 - INFO - Server is running on port: 3030
05/04/2022, 11:38:48 - INFO - filterBy | {}
05/04/2022, 11:38:58 - INFO - Backend updateBoard
05/04/2022, 11:39:00 - INFO - Backend updateBoard
27/07/2022, 14:19:35 - INFO - Server is running on port: 3030
27/07/2022, 14:20:12 - INFO - filterBy | {}
27/07/2022, 14:20:14 - INFO - filterBy | {}
27/07/2022, 14:20:27 - INFO - Backend updateBoard
27/07/2022, 14:20:28 - INFO - Backend updateBoard
27/07/2022, 14:21:00 - INFO - Backend updateBoard
27/07/2022, 14:21:00 - INFO - Backend updateBoard
27/07/2022, 14:21:25 - INFO - Backend updateBoard
27/07/2022, 14:21:25 - INFO - Backend updateBoard
27/07/2022, 14:21:31 - INFO - Backend updateBoard
27/07/2022, 14:21:31 - INFO - Backend updateBoard
27/07/2022, 14:25:00 - INFO - filterBy | {}
27/07/2022, 14:25:05 - INFO - Backend updateBoard
27/07/2022, 14:25:08 - INFO - Backend updateBoard
27/07/2022, 14:25:47 - DEBUG - auth.service - login with email: tamir14
27/07/2022, 14:25:47 - ERROR - Failed to Login Invalid email or password
27/07/2022, 14:25:51 - DEBUG - auth.service - login with email: tamir14
27/07/2022, 14:25:51 - ERROR - Failed to Login Invalid email or password
27/07/2022, 14:25:52 - DEBUG - auth.service - login with email: tamir14
27/07/2022, 14:25:52 - ERROR - Failed to Login Invalid email or password
27/07/2022, 14:26:00 - DEBUG - auth.service - login with email: tamir14
27/07/2022, 14:26:00 - ERROR - Failed to Login Invalid email or password
27/07/2022, 14:26:09 - DEBUG - auth.service - login with email: tamir
27/07/2022, 14:26:09 - ERROR - Failed to Login Invalid email or password
27/07/2022, 14:26:13 - DEBUG - auth.service - login with email: tamir
27/07/2022, 14:26:13 - ERROR - Failed to Login Invalid email or password
27/07/2022, 14:26:13 - DEBUG - auth.service - login with email: tamir
27/07/2022, 14:26:13 - ERROR - Failed to Login Invalid email or password
27/07/2022, 14:26:13 - DEBUG - auth.service - login with email: tamir
27/07/2022, 14:26:13 - ERROR - Failed to Login Invalid email or password
27/07/2022, 14:26:16 - DEBUG - auth.service - login with email: tamir
27/07/2022, 14:26:17 - ERROR - Failed to Login Invalid email or password
27/07/2022, 14:30:23 - DEBUG - auth.service - login with email: tamirbelisha
27/07/2022, 14:30:23 - ERROR - Failed to Login Invalid email or password
27/07/2022, 14:30:26 - DEBUG - auth.service - login with email: tamirbelisha
27/07/2022, 14:30:26 - ERROR - Failed to Login Invalid email or password
27/07/2022, 14:30:32 - DEBUG - auth.service - login with email: tamirbelisha
27/07/2022, 14:30:32 - ERROR - Failed to Login Invalid email or password
27/07/2022, 14:30:33 - DEBUG - auth.service - login with email: tamirbelisha
27/07/2022, 14:30:33 - ERROR - Failed to Login Invalid email or password
27/07/2022, 14:30:36 - DEBUG - auth.service - login with email: tamirbelisha
27/07/2022, 14:30:36 - ERROR - Failed to Login Invalid email or password
27/07/2022, 14:30:40 - DEBUG - auth.service - login with email: tamirbelisha
27/07/2022, 14:30:40 - ERROR - Failed to Login Invalid email or password
27/07/2022, 14:30:42 - DEBUG - auth.service - login with email: tamirbelisha
27/07/2022, 14:30:42 - ERROR - Failed to Login Invalid email or password
27/07/2022, 14:30:47 - DEBUG - auth.service - login with email: tamirbelisha
27/07/2022, 14:30:47 - ERROR - Failed to Login Invalid email or password
27/07/2022, 14:30:51 - DEBUG - auth.service - login with email: tamirbelisha
27/07/2022, 14:30:51 - ERROR - Failed to Login Invalid email or password
27/07/2022, 14:30:55 - DEBUG - auth.service - login with email: tamirbelisha
27/07/2022, 14:30:55 - ERROR - Failed to Login Invalid email or password
27/07/2022, 14:31:03 - DEBUG - auth.service - login with email: tamirbelisha
27/07/2022, 14:31:03 - ERROR - Failed to Login Invalid email or password
27/07/2022, 14:31:07 - DEBUG - auth.service - login with email: tamirbelisha
27/07/2022, 14:31:07 - ERROR - Failed to Login Invalid email or password
27/07/2022, 14:31:08 - DEBUG - auth.service - login with email: tamirbelisha
27/07/2022, 14:31:08 - ERROR - Failed to Login Invalid email or password
27/07/2022, 14:31:11 - DEBUG - auth.service - login with email: tamirbelisha
27/07/2022, 14:31:11 - ERROR - Failed to Login Invalid email or password
27/07/2022, 14:38:28 - DEBUG - auth.service - signup with email: benel@tavori.com, fullname: Ben-el Tavori
27/07/2022, 14:38:28 - DEBUG - auth.route - new account created: {"fullname":"Ben-el Tavori","username":"ben-eltavori","email":"benel@tavori.com","password":"$2b$10$X0E2Z.O2AvwKC/QFD1rXmubpDy2wIG9HN9CpQJRJI4In78z3NFViW","isAdmin":false,"boardIds":[],"imgUrl":null,"_id":"62e123b409179e2160ce7179"}
27/07/2022, 14:38:28 - DEBUG - auth.service - login with email: benel@tavori.com
27/07/2022, 14:38:44 - INFO - Backend updateBoard
27/07/2022, 14:38:45 - INFO - Backend updateBoard
27/07/2022, 14:38:49 - INFO - Backend updateBoard
27/07/2022, 14:38:56 - INFO - Backend updateBoard
27/07/2022, 14:38:56 - INFO - Backend updateBoard
27/07/2022, 14:39:29 - INFO - Backend updateBoard
27/07/2022, 14:39:30 - INFO - Backend updateBoard
27/07/2022, 14:39:32 - INFO - Backend updateBoard
27/07/2022, 14:39:33 - INFO - Backend updateBoard
27/07/2022, 14:39:36 - INFO - Backend updateBoard
27/07/2022, 14:39:37 - INFO - Backend updateBoard
27/07/2022, 14:39:42 - INFO - filterBy | {}
27/07/2022, 14:39:42 - INFO - Backend updateBoard
27/07/2022, 14:39:43 - INFO - Backend updateBoard
30/04/2023, 13:05:58 - INFO - Server is running on port: 3030
30/04/2023, 13:06:04 - INFO - filterBy | {}
30/04/2023, 13:06:05 - ERROR - Failed to add boards | {}
30/04/2023, 13:06:05 - ERROR - cannot find users | {}
30/04/2023, 13:06:05 - ERROR - Failed to get users | {}
30/04/2023, 13:08:12 - INFO - Server is running on port: 3030
30/04/2023, 13:22:51 - INFO - Server is running on port: 3030
30/04/2023, 13:23:06 - INFO - Server is running on port: 3030
30/04/2023, 13:24:05 - INFO - Server is running on port: 3030
30/04/2023, 13:24:42 - INFO - Server is running on port: 3030
30/04/2023, 13:25:01 - INFO - filterBy | {}
30/04/2023, 13:25:09 - INFO - borad room is | 624939b217f2fc4715ddb60b
30/04/2023, 13:25:10 - INFO - Backend updateBoard
30/04/2023, 13:25:10 - INFO - Backend updateBoard
30/04/2023, 13:25:32 - INFO - borad room is | 6244b0ba2695f16e0c9a38ed
30/04/2023, 13:25:32 - INFO - Backend updateBoard
30/04/2023, 13:25:32 - INFO - Backend updateBoard
30/04/2023, 13:25:42 - INFO - borad room is | 62481175f368907930e3101a
30/04/2023, 13:25:43 - INFO - Backend updateBoard
30/04/2023, 13:26:01 - INFO - Backend updateBoard
30/04/2023, 13:26:12 - INFO - filterBy | {}
30/04/2023, 16:44:21 - INFO - Server is running on port: 3030
30/04/2023, 16:44:42 - INFO - filterBy | {}
